<?xml version="1.0" encoding="UTF-8"?>
<!-- Generated by org.testng.reporters.JUnitReportReporter -->
<testsuite skipped="0" hostname="PQTE156" name="examples.ConditionExercises" tests="1" failures="0" timestamp="20 jul 2017 14:23:42 GMT" time="0.006" errors="0">
  <testcase name="testMember" time="0.006" classname="examples.ConditionExercises"/>
</testsuite> <!-- examples.ConditionExercises -->
