<?xml version="1.0" encoding="UTF-8"?>
<!-- Generated by org.testng.reporters.JUnitReportReporter -->
<testsuite skipped="0" hostname="PQTE156" name="chapterNine.NOK_FillInContactFormFieldTest" tests="1" failures="0" timestamp="27 jul 2017 14:29:25 GMT" time="9.389" errors="0">
  <testcase name="NOK_FillInContactEmailFieldForm" time="9.389" classname="chapterNine.NOK_FillInContactFormFieldTest"/>
</testsuite> <!-- chapterNine.NOK_FillInContactFormFieldTest -->
