<?xml version="1.0" encoding="UTF-8"?>
<!-- Generated by org.testng.reporters.JUnitReportReporter -->
<testsuite skipped="0" hostname="PQTE156" name="chapterNine.NOK_FillInContactFormTest" tests="1" failures="0" timestamp="27 jul 2017 12:51:41 GMT" time="9.294" errors="0">
  <testcase name="NOK_FillInContactForm" time="9.294" classname="chapterNine.NOK_FillInContactFormTest"/>
</testsuite> <!-- chapterNine.NOK_FillInContactFormTest -->
