<?xml version="1.0" encoding="UTF-8"?>
<!-- Generated by org.testng.reporters.JUnitReportReporter -->
<testsuite skipped="0" hostname="PQTE156" name="API.GetExample" tests="1" failures="0" timestamp="28 jul 2017 09:31:49 GMT" time="2.518" errors="0">
  <testcase name="testUrlParam2" time="2.518" classname="API.GetExample"/>
</testsuite> <!-- API.GetExample -->
