<?xml version="1.0" encoding="UTF-8"?>
<!-- Generated by org.testng.reporters.JUnitReportReporter -->
<testsuite skipped="0" hostname="PQTE156" name="examples.FirstSeleniumTest" tests="1" failures="0" timestamp="19 jul 2017 14:33:59 GMT" time="10.036" errors="0">
  <testcase name="logInSuccesFull" time="10.036" classname="examples.FirstSeleniumTest"/>
</testsuite> <!-- examples.FirstSeleniumTest -->
