<?xml version="1.0" encoding="UTF-8"?>
<!-- Generated by org.testng.reporters.JUnitReportReporter -->
<testsuite skipped="0" hostname="PQTE156" name="chapterSix.CreateAccountTest" tests="1" failures="0" timestamp="20 jul 2017 21:34:39 GMT" time="10.524" errors="0">
  <testcase name="createAccountSuccesFull" time="10.524" classname="chapterSix.CreateAccountTest"/>
</testsuite> <!-- chapterSix.CreateAccountTest -->
