<?xml version="1.0" encoding="UTF-8"?>
<!-- Generated by org.testng.reporters.JUnitReportReporter -->
<testsuite skipped="0" hostname="PQTE156" name="examples.CallEnumExampleTest" tests="1" failures="0" timestamp="27 jul 2017 12:42:07 GMT" time="0.010" errors="0">
  <testcase name="printTheBootCampDays" time="0.010" classname="examples.CallEnumExampleTest"/>
</testsuite> <!-- examples.CallEnumExampleTest -->
