<?xml version="1.0" encoding="UTF-8"?>
<!-- Generated by org.testng.reporters.JUnitReportReporter -->
<testsuite skipped="0" hostname="PQTE156" name="chapterSix.FillCartTest" tests="1" failures="0" timestamp="21 jul 2017 07:19:58 GMT" time="8.077" errors="0">
  <testcase name="vullenWinkelwagenTest" time="8.077" classname="chapterSix.FillCartTest"/>
</testsuite> <!-- chapterSix.FillCartTest -->
