<?xml version="1.0" encoding="UTF-8"?>
<!-- Generated by org.testng.reporters.JUnitReportReporter -->
<testsuite skipped="0" hostname="PQTE156" name="chapterSix.SignOutTest" tests="1" failures="0" timestamp="20 jul 2017 13:50:27 GMT" time="8.744" errors="0">
  <testcase name="logOutSuccesFull" time="8.744" classname="chapterSix.SignOutTest"/>
</testsuite> <!-- chapterSix.SignOutTest -->
