<?xml version="1.0" encoding="UTF-8"?>
<!-- Generated by org.testng.reporters.JUnitReportReporter -->
<testsuite skipped="0" hostname="PQTE156" name="chapterSix.AdjustPersonalInfoTest" tests="1" failures="0" timestamp="21 jul 2017 07:57:33 GMT" time="8.683" errors="0">
  <testcase name="wijzigPersoonsGegevens" time="8.683" classname="chapterSix.AdjustPersonalInfoTest"/>
</testsuite> <!-- chapterSix.AdjustPersonalInfoTest -->
