<?xml version="1.0" encoding="UTF-8"?>
<!-- Generated by org.testng.reporters.JUnitReportReporter -->
<testsuite skipped="0" hostname="PQTE156" name="chapterNine.Multiple_FillInContactFormTest" tests="1" failures="0" timestamp="27 jul 2017 09:31:58 GMT" time="6.947" errors="0">
  <testcase name="multipleFillsContactForm" time="6.947" classname="chapterNine.Multiple_FillInContactFormTest"/>
</testsuite> <!-- chapterNine.Multiple_FillInContactFormTest -->
