<?xml version="1.0" encoding="UTF-8"?>
<!-- Generated by org.testng.reporters.JUnitReportReporter -->
<testsuite skipped="0" hostname="PQTE156" name="examples.CarGames" tests="1" failures="0" timestamp="21 jul 2017 11:42:03 GMT" time="0.012" errors="0">
  <testcase name="startGameTwo" time="0.012" classname="examples.CarGames"/>
</testsuite> <!-- examples.CarGames -->
