<?xml version="1.0" encoding="UTF-8"?>
<!-- Generated by org.testng.reporters.JUnitReportReporter -->
<testsuite skipped="0" hostname="PQTE156" name="chapterNine.NOK_FillInContactFormMessageTest" tests="1" failures="0" timestamp="27 jul 2017 13:42:41 GMT" time="9.694" errors="0">
  <testcase name="NOK_FillInContactMessageForm" time="9.694" classname="chapterNine.NOK_FillInContactFormMessageTest"/>
</testsuite> <!-- chapterNine.NOK_FillInContactFormMessageTest -->
