<?xml version="1.0" encoding="UTF-8"?>
<!-- Generated by org.testng.reporters.JUnitReportReporter -->
<testsuite skipped="0" hostname="PQTE156" name="chapterNine.NOK_LogInTest" tests="5" failures="0" timestamp="27 jul 2017 16:28:31 GMT" time="45.668" errors="0">
  <testcase name="NOK_LogInWrongEmailAddress" time="10.032" classname="chapterNine.NOK_LogInTest"/>
  <testcase name="NOK_LogInEmptyEmailAddress" time="10.674" classname="chapterNine.NOK_LogInTest"/>
  <testcase name="NOK_LogInEmptyFields" time="8.854" classname="chapterNine.NOK_LogInTest"/>
  <testcase name="NOK_LogInEmptyPassword" time="7.595" classname="chapterNine.NOK_LogInTest"/>
  <testcase name="NOK_LogInWrongPassword" time="8.513" classname="chapterNine.NOK_LogInTest"/>
</testsuite> <!-- chapterNine.NOK_LogInTest -->
