<?xml version="1.0" encoding="UTF-8"?>
<!-- Generated by org.testng.reporters.JUnitReportReporter -->
<testsuite skipped="0" hostname="PQTE156" name="chapterNine.FillInContactFormTest" tests="1" failures="0" timestamp="27 jul 2017 12:52:41 GMT" time="9.570" errors="0">
  <testcase name="fillInContactForm" time="9.570" classname="chapterNine.FillInContactFormTest"/>
</testsuite> <!-- chapterNine.FillInContactFormTest -->
