<?xml version="1.0" encoding="UTF-8"?>
<!-- Generated by org.testng.reporters.JUnitReportReporter -->
<testsuite skipped="0" hostname="PQTE156" name="homework.DeleteWishListTest" tests="1" failures="0" timestamp="27 jul 2017 07:20:03 GMT" time="11.457" errors="0">
  <testcase name="deleteWishList" time="11.457" classname="homework.DeleteWishListTest"/>
</testsuite> <!-- homework.DeleteWishListTest -->
